<?xml version="1.0" encoding="UTF-8"?>
<!-- Generated by org.testng.reporters.JUnitReportReporter -->
<testsuite hostname="DESKTOP-B1VQ5II" failures="0" tests="1" name="opack.ClassSeven" time="0.001" errors="0" timestamp="2021-10-04T16:52:52 IST" skipped="0">
  <testcase classname="opack.ClassSeven" name="clsSeven" time="0.001"/>
  <system-out/>
</testsuite> <!-- opack.ClassSeven -->
