<?xml version="1.0" encoding="UTF-8"?>
<!-- Generated by org.testng.reporters.JUnitReportReporter -->
<testsuite hostname="DESKTOP-B1VQ5II" failures="0" tests="1" name="tpack.Demo" time="17.892" errors="0" timestamp="2021-08-28T23:51:37 IST" skipped="0">
  <testcase classname="tpack.Demo" name="sampleAutomation" time="17.892"/>
  <system-out/>
</testsuite> <!-- tpack.Demo -->
