<?xml version="1.0" encoding="UTF-8"?>
<!-- Generated by org.testng.reporters.JUnitReportReporter -->
<testsuite hostname="DESKTOP-B1VQ5II" failures="0" tests="1" name="kpack.ClassTwo" time="0.003" errors="0" timestamp="2021-10-04T16:52:52 IST" skipped="0">
  <testcase classname="kpack.ClassTwo" name="clstwo" time="0.003"/>
  <system-out/>
</testsuite> <!-- kpack.ClassTwo -->
