<?xml version="1.0" encoding="UTF-8"?>
<!-- Generated by org.testng.reporters.JUnitReportReporter -->
<testsuite hostname="DESKTOP-B1VQ5II" failures="0" tests="3" name="tpack.BeforeMethod1" time="0.025" errors="0" timestamp="2021-08-29T15:53:30 IST" skipped="0">
  <testcase classname="tpack.BeforeMethod1" name="testRegistration" time="0.010"/>
  <system-out/>
  <testcase classname="tpack.BeforeMethod1" name="testLogin" time="0.005"/>
  <system-out/>
  <testcase classname="tpack.BeforeMethod1" name="testHomepage" time="0.010"/>
  <system-out/>
</testsuite> <!-- tpack.BeforeMethod1 -->
