<?xml version="1.0" encoding="UTF-8"?>
<!-- Generated by org.testng.reporters.JUnitReportReporter -->
<testsuite hostname="DESKTOP-B1VQ5II" failures="0" tests="1" name="kpack.ClassFour" time="0.004" errors="0" timestamp="2021-10-04T16:52:52 IST" skipped="0">
  <testcase classname="kpack.ClassFour" name="clsFour" time="0.004"/>
  <system-out/>
</testsuite> <!-- kpack.ClassFour -->
