<?xml version="1.0" encoding="UTF-8"?>
<!-- Generated by org.testng.reporters.JUnitReportReporter -->
<testsuite hostname="DESKTOP-B1VQ5II" failures="0" tests="3" name="TestNg.AfterMethod1" time="0.013" errors="0" timestamp="2021-10-04T16:52:52 IST" skipped="0">
  <testcase classname="TestNg.AfterMethod1" name="testRegistration" time="0.006"/>
  <system-out/>
  <testcase classname="TestNg.AfterMethod1" name="testLogin" time="0.003"/>
  <system-out/>
  <testcase classname="TestNg.AfterMethod1" name="testHomepage" time="0.004"/>
  <system-out/>
</testsuite> <!-- TestNg.AfterMethod1 -->
