<?xml version="1.0" encoding="UTF-8"?>
<!-- Generated by org.testng.reporters.JUnitReportReporter -->
<testsuite hostname="DESKTOP-B1VQ5II" failures="0" tests="3" name="tpack.BeforeAndAfterClass" time="0.014" errors="0" timestamp="2021-08-29T16:12:17 IST" skipped="0">
  <testcase classname="tpack.BeforeAndAfterClass" name="testRegistration" time="0.009"/>
  <system-out/>
  <testcase classname="tpack.BeforeAndAfterClass" name="testLogin" time="0.003"/>
  <system-out/>
  <testcase classname="tpack.BeforeAndAfterClass" name="testHomepage" time="0.002"/>
  <system-out/>
</testsuite> <!-- tpack.BeforeAndAfterClass -->
