<?xml version="1.0" encoding="UTF-8"?>
<!-- Generated by org.testng.reporters.JUnitReportReporter -->
<testsuite hostname="DESKTOP-B1VQ5II" failures="0" tests="3" name="TestNg.BeforeAndAfterClass" time="0.028" errors="0" timestamp="2021-10-04T16:52:52 IST" skipped="0">
  <testcase classname="TestNg.BeforeAndAfterClass" name="testRegistration" time="0.006"/>
  <system-out/>
  <testcase classname="TestNg.BeforeAndAfterClass" name="testLogin" time="0.004"/>
  <system-out/>
  <testcase classname="TestNg.BeforeAndAfterClass" name="testHomepage" time="0.018"/>
  <system-out/>
</testsuite> <!-- TestNg.BeforeAndAfterClass -->
