<?xml version="1.0" encoding="UTF-8"?>
<!-- Generated by org.testng.reporters.JUnitReportReporter -->
<testsuite hostname="DESKTOP-B1VQ5II" failures="0" tests="3" name="tpack.Priority" time="0.027" errors="0" timestamp="2021-08-29T15:50:57 IST" skipped="0">
  <testcase classname="tpack.Priority" name="testRegistration" time="0.017"/>
  <system-out/>
  <testcase classname="tpack.Priority" name="testLogin" time="0.006"/>
  <system-out/>
  <testcase classname="tpack.Priority" name="testHomepage" time="0.004"/>
  <system-out/>
</testsuite> <!-- tpack.Priority -->
