<?xml version="1.0" encoding="UTF-8"?>
<!-- Generated by org.testng.reporters.JUnitReportReporter -->
<testsuite hostname="DESKTOP-B1VQ5II" failures="0" tests="4" name="kpack.ClassOne" time="319.333" errors="0" timestamp="2021-10-04T16:52:52 IST" skipped="0">
  <testcase classname="kpack.ClassOne" name="clsOneC" time="92.757"/>
  <system-out/>
  <testcase classname="kpack.ClassOne" name="clsOneD" time="119.990"/>
  <system-out/>
  <testcase classname="kpack.ClassOne" name="clsOneA" time="70.508"/>
  <system-out/>
  <testcase classname="kpack.ClassOne" name="clsOneB" time="36.078"/>
  <system-out/>
</testsuite> <!-- kpack.ClassOne -->
