<?xml version="1.0" encoding="UTF-8"?>
<!-- Generated by org.testng.reporters.JUnitReportReporter -->
<testsuite hostname="DESKTOP-B1VQ5II" failures="0" tests="3" name="tpack.AfterMethod1" time="0.031" errors="0" timestamp="2021-08-29T15:56:41 IST" skipped="0">
  <testcase classname="tpack.AfterMethod1" name="testRegistration" time="0.018"/>
  <system-out/>
  <testcase classname="tpack.AfterMethod1" name="testLogin" time="0.003"/>
  <system-out/>
  <testcase classname="tpack.AfterMethod1" name="testHomepage" time="0.010"/>
  <system-out/>
</testsuite> <!-- tpack.AfterMethod1 -->
