<?xml version="1.0" encoding="UTF-8"?>
<!-- Generated by org.testng.reporters.JUnitReportReporter -->
<testsuite hostname="DESKTOP-B1VQ5II" failures="0" tests="3" name="TestNg.Priority" time="0.024" errors="0" timestamp="2021-10-05T16:47:41 IST" skipped="0">
  <testcase classname="TestNg.Priority" name="testLogin" time="0.016"/>
  <system-out/>
  <testcase classname="TestNg.Priority" name="testRegistration" time="0.003"/>
  <system-out/>
  <testcase classname="TestNg.Priority" name="testHomepage" time="0.005"/>
  <system-out/>
</testsuite> <!-- TestNg.Priority -->
