<?xml version="1.0" encoding="UTF-8"?>
<!-- Generated by org.testng.reporters.JUnitReportReporter -->
<testsuite hostname="DESKTOP-I8D9V6P" failures="0" tests="1" name="practies.Practies" time="68.528" errors="0" timestamp="2022-01-03T17:25:44 IST" skipped="0">
  <testcase classname="practies.Practies" name="ecommerceTest" time="68.528"/>
  <system-out/>
</testsuite> <!-- practies.Practies -->
