<?xml version="1.0" encoding="UTF-8"?>
<!-- Generated by org.testng.reporters.JUnitReportReporter -->
<testsuite hostname="DESKTOP-I8D9V6P" failures="0" tests="1" name="com.crm.vtiger.OrganisationTest.Demologin" time="45.911" errors="0" timestamp="2021-10-30T16:19:17 IST" skipped="0">
  <testcase classname="com.crm.vtiger.OrganisationTest.Demologin" name="sign" time="45.911"/>
  <system-out/>
</testsuite> <!-- com.crm.vtiger.OrganisationTest.Demologin -->
