<?xml version="1.0" encoding="UTF-8"?>
<!-- Generated by org.testng.reporters.JUnitReportReporter -->
<testsuite hostname="DESKTOP-I8D9V6P" failures="0" tests="1" name="practies.Assigmnent" time="38.381" errors="0" timestamp="2021-11-09T20:03:49 IST" skipped="0">
  <testcase classname="practies.Assigmnent" name="table" time="38.381"/>
  <system-out/>
</testsuite> <!-- practies.Assigmnent -->
