<?xml version="1.0" encoding="UTF-8"?>
<!-- Generated by org.testng.reporters.JUnitReportReporter -->
<testsuite hostname="DESKTOP-I8D9V6P" failures="0" tests="5" name="practies.DataProvider" time="0.018" errors="0" timestamp="2021-11-09T20:54:49 IST" skipped="0">
  <testcase classname="practies.DataProvider" name="bookTicket" time="0.002"/>
  <system-out/>
  <testcase classname="practies.DataProvider" name="bookTicket" time="0.010"/>
  <system-out/>
  <testcase classname="practies.DataProvider" name="bookTicket" time="0.002"/>
  <system-out/>
  <testcase classname="practies.DataProvider" name="bookTicket" time="0.002"/>
  <system-out/>
  <testcase classname="practies.DataProvider" name="bookTicket" time="0.002"/>
  <system-out/>
</testsuite> <!-- practies.DataProvider -->
