<?xml version="1.0" encoding="UTF-8"?>
<!-- Generated by org.testng.reporters.JUnitReportReporter -->
<testsuite hostname="DESKTOP-I8D9V6P" failures="0" tests="1" name="practies.cleratrip" time="14.460" errors="0" timestamp="2021-11-09T20:21:51 IST" skipped="0">
  <testcase classname="practies.cleratrip" name="makemyTripTest" time="14.460"/>
  <system-out/>
</testsuite> <!-- practies.cleratrip -->
