<?xml version="1.0" encoding="UTF-8"?>
<!-- Generated by org.testng.reporters.JUnitReportReporter -->
<testsuite hostname="DESKTOP-I8D9V6P" failures="0" tests="2" name="com.crm.VtigerTest.CreateContactPOM.CreateContactPOM" time="101.086" errors="0" timestamp="2021-11-08T15:28:35 IST" skipped="0">
  <testcase classname="com.crm.VtigerTest.CreateContactPOM.CreateContactPOM" name="createContactWithIndustryPomTest" time="58.674"/>
  <system-out>
    <![CDATA[Create Contact is Succesfull==> TestCase is Pass]]>
  </system-out>
  <testcase classname="com.crm.VtigerTest.CreateContactPOM.CreateContactPOM" name="createContactTest" time="42.412"/>
  <system-out>
    <![CDATA[Create Contact is Succesfull==> TestCase is Pass]]>
  </system-out>
</testsuite> <!-- com.crm.VtigerTest.CreateContactPOM.CreateContactPOM -->
