<?xml version="1.0" encoding="UTF-8"?>
<!-- Generated by org.testng.reporters.JUnitReportReporter -->
<testsuite hostname="DESKTOP-I8D9V6P" failures="0" tests="1" name="practies.demo" time="46.227" errors="0" timestamp="2022-01-06T12:38:12 IST" skipped="0">
  <testcase classname="practies.demo" name="Program2" time="46.227"/>
  <system-out/>
</testsuite> <!-- practies.demo -->
