<?xml version="1.0" encoding="UTF-8"?>
<!-- Generated by org.testng.reporters.JUnitReportReporter -->
<testsuite hostname="DESKTOP-I8D9V6P" failures="0" tests="1" name="Vtiger.CreatOrganisationUsingXMLWithIndustry" time="27.430" errors="0" timestamp="2021-10-28T14:14:26 IST" skipped="0">
  <testcase classname="Vtiger.CreatOrganisationUsingXMLWithIndustry" name="CreatOrganisationUsingXMLWithIndustryTest" time="27.430"/>
  <system-out/>
</testsuite> <!-- Vtiger.CreatOrganisationUsingXMLWithIndustry -->
