<?xml version="1.0" encoding="UTF-8"?>
<!-- Generated by org.testng.reporters.JUnitReportReporter -->
<testsuite hostname="DESKTOP-I8D9V6P" failures="0" tests="1" name="Vtiger.CreaterOrganisationUsingXML" time="31.963" errors="0" timestamp="2021-10-28T14:14:26 IST" skipped="0">
  <testcase classname="Vtiger.CreaterOrganisationUsingXML" name="createOganisationTest" time="31.963"/>
  <system-out/>
</testsuite> <!-- Vtiger.CreaterOrganisationUsingXML -->
