<?xml version="1.0" encoding="UTF-8"?>
<!-- Generated by org.testng.reporters.JUnitReportReporter -->
<testsuite hostname="DESKTOP-I8D9V6P" failures="0" tests="1" name="com.crm.VtigerTest.CreateOrganisationPOM.CreateOrganizationPOMWithType" time="32.917" errors="0" timestamp="2021-11-03T10:56:20 IST" skipped="0">
  <testcase classname="com.crm.VtigerTest.CreateOrganisationPOM.CreateOrganizationPOMWithType" name="CreateOrganizationTest" time="32.917"/>
  <system-out/>
</testsuite> <!-- com.crm.VtigerTest.CreateOrganisationPOM.CreateOrganizationPOMWithType -->
