<?xml version="1.0" encoding="UTF-8"?>
<!-- Generated by org.testng.reporters.JUnitReportReporter -->
<testsuite hostname="DESKTOP-I8D9V6P" failures="0" tests="1" name="practies.makemy" time="0.049" errors="0" timestamp="2021-11-09T12:27:21 IST" skipped="0">
  <testcase classname="practies.makemy" name="makemyTripTest" time="0.049"/>
  <system-out/>
</testsuite> <!-- practies.makemy -->
