<?xml version="1.0" encoding="UTF-8"?>
<!-- Generated by org.testng.reporters.JUnitReportReporter -->
<testsuite hostname="DESKTOP-I8D9V6P" failures="0" tests="1" name="practies.makemyDynamic" time="76.656" errors="0" timestamp="2021-11-21T12:00:24 IST" skipped="0">
  <testcase classname="practies.makemyDynamic" name="makemytest" time="76.656"/>
  <system-out/>
</testsuite> <!-- practies.makemyDynamic -->
