<?xml version="1.0" encoding="UTF-8"?>
<!-- Generated by org.testng.reporters.JUnitReportReporter -->
<testsuite hostname="DESKTOP-I8D9V6P" failures="0" tests="5" name="DataProvider" time="0.022" errors="0" timestamp="2021-11-03T01:07:18 IST" skipped="0">
  <testcase classname="DataProvider" name="bookTicket" time="0.004"/>
  <system-out/>
  <testcase classname="DataProvider" name="bookTicket" time="0.003"/>
  <system-out/>
  <testcase classname="DataProvider" name="bookTicket" time="0.002"/>
  <system-out/>
  <testcase classname="DataProvider" name="bookTicket" time="0.011"/>
  <system-out/>
  <testcase classname="DataProvider" name="bookTicket" time="0.002"/>
  <system-out/>
</testsuite> <!-- DataProvider -->
